<?xml version="1.0" encoding="UTF-8" ?>
<testsuite tests="1" failures="0" name="WordCountTaskTest" time="12.869" errors="1" skipped="0">
  <properties>
    <property name="java.runtime.name" value="Java(TM) SE Runtime Environment"/>
    <property name="sun.boot.library.path" value="C:\Program Files\Java\jdk1.8.0_131\jre\bin"/>
    <property name="java.vm.version" value="25.131-b11"/>
    <property name="java.vm.vendor" value="Oracle Corporation"/>
    <property name="maven.multiModuleProjectDirectory" value="C:\Users\kandhasamyr\OneDrive - CNSI\ICARE\WORKSPACE\ICARE_COM"/>
    <property name="java.vendor.url" value="http://java.oracle.com/"/>
    <property name="path.separator" value=";"/>
    <property name="guice.disable.misplaced.annotation.check" value="true"/>
    <property name="java.vm.name" value="Java HotSpot(TM) 64-Bit Server VM"/>
    <property name="file.encoding.pkg" value="sun.io"/>
    <property name="user.script" value=""/>
    <property name="user.country" value="US"/>
    <property name="sun.java.launcher" value="SUN_STANDARD"/>
    <property name="sun.os.patch.level" value=""/>
    <property name="java.vm.specification.name" value="Java Virtual Machine Specification"/>
    <property name="user.dir" value="C:\Users\kandhasamyr\OneDrive - CNSI\ICARE\WORKSPACE\ICARE_COM"/>
    <property name="java.runtime.version" value="1.8.0_131-b11"/>
    <property name="java.awt.graphicsenv" value="sun.awt.Win32GraphicsEnvironment"/>
    <property name="java.endorsed.dirs" value="C:\Program Files\Java\jdk1.8.0_131\jre\lib\endorsed"/>
    <property name="os.arch" value="amd64"/>
    <property name="java.io.tmpdir" value="C:\Users\KANDHA~1\AppData\Local\Temp\"/>
    <property name="line.separator" value="
"/>
    <property name="java.vm.specification.vendor" value="Oracle Corporation"/>
    <property name="user.variant" value=""/>
    <property name="os.name" value="Windows 10"/>
    <property name="classworlds.conf" value="C:\SVN\OWCP_NEW_FRAMEWORK\.metadata\.plugins\org.eclipse.m2e.launching\launches\m2conf3551361969366893283.tmp"/>
    <property name="sun.jnu.encoding" value="Cp1252"/>
    <property name="java.library.path" value="C:\Program Files\Java\jdk1.8.0_131\bin;C:\WINDOWS\Sun\Java\bin;C:\WINDOWS\system32;C:\WINDOWS;C:\InstalledSoftwares\apache-maven-3.5.0\bin;C:\Program Files\Docker\Docker\Resources\bin;C:\ProgramData\Oracle\Java\javapath;C:\WINDOWS\system32;C:\WINDOWS;C:\WINDOWS\System32\Wbem;C:\WINDOWS\System32\WindowsPowerShell\v1.0\;C:\WINDOWS\CCM;C:\Program Files\TortoiseSVN\bin;C:\Program Files\Java\jdk1.8.0_131\bin;C:\Users\kandhasamyr\AppData\Local\Microsoft\WindowsApps;C:\Minikube;C:\Program Files\PuTTY\;C:\Program Files (x86)\sbt\bin;C:\Program Files\Cloud Foundry;C:\SVN\WCMBP_TOOLS\apache-ant-1.10.1\bin;C:\Users\kandhasamyr\AppData\Local\Microsoft\WindowsApps;;."/>
    <property name="java.specification.name" value="Java Platform API Specification"/>
    <property name="java.class.version" value="52.0"/>
    <property name="sun.management.compiler" value="HotSpot 64-Bit Tiered Compilers"/>
    <property name="os.version" value="10.0"/>
    <property name="user.home" value="C:\Users\kandhasamyr"/>
    <property name="user.timezone" value="America/New_York"/>
    <property name="java.awt.printerjob" value="sun.awt.windows.WPrinterJob"/>
    <property name="java.specification.version" value="1.8"/>
    <property name="file.encoding" value="Cp1252"/>
    <property name="user.name" value="kandhasamyr"/>
    <property name="java.class.path" value="/C:/InstalledSoftwares/eclipse_luna/eclipse/plugins/org.eclipse.m2e.maven.runtime_1.7.0.20160603-1931/jars/plexus-classworlds-2.5.2.jar"/>
    <property name="java.vm.specification.version" value="1.8"/>
    <property name="sun.arch.data.model" value="64"/>
    <property name="java.home" value="C:\Program Files\Java\jdk1.8.0_131\jre"/>
    <property name="sun.java.command" value="org.codehaus.plexus.classworlds.launcher.Launcher -B install"/>
    <property name="java.specification.vendor" value="Oracle Corporation"/>
    <property name="user.language" value="en"/>
    <property name="awt.toolkit" value="sun.awt.windows.WToolkit"/>
    <property name="java.vm.info" value="mixed mode"/>
    <property name="java.version" value="1.8.0_131"/>
    <property name="java.ext.dirs" value="C:\Program Files\Java\jdk1.8.0_131\jre\lib\ext;C:\WINDOWS\Sun\Java\lib\ext"/>
    <property name="sun.boot.class.path" value="C:\Program Files\Java\jdk1.8.0_131\jre\lib\resources.jar;C:\Program Files\Java\jdk1.8.0_131\jre\lib\rt.jar;C:\Program Files\Java\jdk1.8.0_131\jre\lib\sunrsasign.jar;C:\Program Files\Java\jdk1.8.0_131\jre\lib\jsse.jar;C:\Program Files\Java\jdk1.8.0_131\jre\lib\jce.jar;C:\Program Files\Java\jdk1.8.0_131\jre\lib\charsets.jar;C:\Program Files\Java\jdk1.8.0_131\jre\lib\jfr.jar;C:\Program Files\Java\jdk1.8.0_131\jre\classes"/>
    <property name="java.vendor" value="Oracle Corporation"/>
    <property name="maven.home" value="C:\Users\kandhasamyr\OneDrive - CNSI\ICARE\WORKSPACE\ICARE_COM\EMBEDDED"/>
    <property name="file.separator" value="\"/>
    <property name="java.vendor.url.bug" value="http://bugreport.sun.com/bugreport/"/>
    <property name="sun.cpu.endian" value="little"/>
    <property name="sun.io.unicode.encoding" value="UnicodeLittle"/>
    <property name="sun.desktop" value="windows"/>
    <property name="sun.cpu.isalist" value="amd64"/>
  </properties>
  <testcase classname="WordCountTaskTest" name="test" time="12.869">
    <error message="Input path does not exist: file:/C:/Users/kandhasamyr/OneDrive%20-%20CNSI/ICARE/WORKSPACE/ICARE_COM/target/test-classes/loremipsum.txt" type="org.apache.hadoop.mapred.InvalidInputException">org.apache.hadoop.mapred.InvalidInputException: Input path does not exist: file:/C:/Users/kandhasamyr/OneDrive%20-%20CNSI/ICARE/WORKSPACE/ICARE_COM/target/test-classes/loremipsum.txt
	at org.apache.hadoop.mapred.FileInputFormat.singleThreadedListStatus(FileInputFormat.java:285)
	at org.apache.hadoop.mapred.FileInputFormat.listStatus(FileInputFormat.java:228)
	at org.apache.hadoop.mapred.FileInputFormat.getSplits(FileInputFormat.java:313)
	at org.apache.spark.rdd.HadoopRDD.getPartitions(HadoopRDD.scala:194)
	at org.apache.spark.rdd.RDD$$anonfun$partitions$2.apply(RDD.scala:252)
	at org.apache.spark.rdd.RDD$$anonfun$partitions$2.apply(RDD.scala:250)
	at scala.Option.getOrElse(Option.scala:121)
	at org.apache.spark.rdd.RDD.partitions(RDD.scala:250)
	at org.apache.spark.rdd.MapPartitionsRDD.getPartitions(MapPartitionsRDD.scala:35)
	at org.apache.spark.rdd.RDD$$anonfun$partitions$2.apply(RDD.scala:252)
	at org.apache.spark.rdd.RDD$$anonfun$partitions$2.apply(RDD.scala:250)
	at scala.Option.getOrElse(Option.scala:121)
	at org.apache.spark.rdd.RDD.partitions(RDD.scala:250)
	at org.apache.spark.rdd.MapPartitionsRDD.getPartitions(MapPartitionsRDD.scala:35)
	at org.apache.spark.rdd.RDD$$anonfun$partitions$2.apply(RDD.scala:252)
	at org.apache.spark.rdd.RDD$$anonfun$partitions$2.apply(RDD.scala:250)
	at scala.Option.getOrElse(Option.scala:121)
	at org.apache.spark.rdd.RDD.partitions(RDD.scala:250)
	at org.apache.spark.rdd.MapPartitionsRDD.getPartitions(MapPartitionsRDD.scala:35)
	at org.apache.spark.rdd.RDD$$anonfun$partitions$2.apply(RDD.scala:252)
	at org.apache.spark.rdd.RDD$$anonfun$partitions$2.apply(RDD.scala:250)
	at scala.Option.getOrElse(Option.scala:121)
	at org.apache.spark.rdd.RDD.partitions(RDD.scala:250)
	at org.apache.spark.Partitioner$$anonfun$defaultPartitioner$2.apply(Partitioner.scala:66)
	at org.apache.spark.Partitioner$$anonfun$defaultPartitioner$2.apply(Partitioner.scala:66)
	at scala.collection.TraversableLike$$anonfun$map$1.apply(TraversableLike.scala:234)
	at scala.collection.TraversableLike$$anonfun$map$1.apply(TraversableLike.scala:234)
	at scala.collection.immutable.List.foreach(List.scala:381)
	at scala.collection.TraversableLike$class.map(TraversableLike.scala:234)
	at scala.collection.immutable.List.map(List.scala:285)
	at org.apache.spark.Partitioner$.defaultPartitioner(Partitioner.scala:66)
	at org.apache.spark.api.java.JavaPairRDD.reduceByKey(JavaPairRDD.scala:547)
	at org.sparkexample.WordCountTask.run(WordCountTask.java:57)
	at WordCountTaskTest.test(WordCountTaskTest.java:10)
	at sun.reflect.NativeMethodAccessorImpl.invoke0(Native Method)
	at sun.reflect.NativeMethodAccessorImpl.invoke(NativeMethodAccessorImpl.java:62)
	at sun.reflect.DelegatingMethodAccessorImpl.invoke(DelegatingMethodAccessorImpl.java:43)
	at java.lang.reflect.Method.invoke(Method.java:498)
	at org.junit.runners.model.FrameworkMethod$1.runReflectiveCall(FrameworkMethod.java:50)
	at org.junit.internal.runners.model.ReflectiveCallable.run(ReflectiveCallable.java:12)
	at org.junit.runners.model.FrameworkMethod.invokeExplosively(FrameworkMethod.java:47)
	at org.junit.internal.runners.statements.InvokeMethod.evaluate(InvokeMethod.java:17)
	at org.junit.runners.ParentRunner.runLeaf(ParentRunner.java:325)
	at org.junit.runners.BlockJUnit4ClassRunner.runChild(BlockJUnit4ClassRunner.java:78)
	at org.junit.runners.BlockJUnit4ClassRunner.runChild(BlockJUnit4ClassRunner.java:57)
	at org.junit.runners.ParentRunner$3.run(ParentRunner.java:290)
	at org.junit.runners.ParentRunner$1.schedule(ParentRunner.java:71)
	at org.junit.runners.ParentRunner.runChildren(ParentRunner.java:288)
	at org.junit.runners.ParentRunner.access$000(ParentRunner.java:58)
	at org.junit.runners.ParentRunner$2.evaluate(ParentRunner.java:268)
	at org.junit.runners.ParentRunner.run(ParentRunner.java:363)
	at org.apache.maven.surefire.junit4.JUnit4Provider.execute(JUnit4Provider.java:252)
	at org.apache.maven.surefire.junit4.JUnit4Provider.executeTestSet(JUnit4Provider.java:141)
	at org.apache.maven.surefire.junit4.JUnit4Provider.invoke(JUnit4Provider.java:112)
	at sun.reflect.NativeMethodAccessorImpl.invoke0(Native Method)
	at sun.reflect.NativeMethodAccessorImpl.invoke(NativeMethodAccessorImpl.java:62)
	at sun.reflect.DelegatingMethodAccessorImpl.invoke(DelegatingMethodAccessorImpl.java:43)
	at java.lang.reflect.Method.invoke(Method.java:498)
	at org.apache.maven.surefire.util.ReflectionUtils.invokeMethodWithArray(ReflectionUtils.java:189)
	at org.apache.maven.surefire.booter.ProviderFactory$ProviderProxy.invoke(ProviderFactory.java:165)
	at org.apache.maven.surefire.booter.ProviderFactory.invokeProvider(ProviderFactory.java:85)
	at org.apache.maven.surefire.booter.ForkedBooter.runSuitesInProcess(ForkedBooter.java:115)
	at org.apache.maven.surefire.booter.ForkedBooter.main(ForkedBooter.java:75)
</error>
    <system-err>Using Spark&apos;s default log4j profile: org/apache/spark/log4j-defaults.properties
17/09/09 22:40:30 INFO SparkContext: Running Spark version 2.2.0
17/09/09 22:40:31 WARN NativeCodeLoader: Unable to load native-hadoop library for your platform... using builtin-java classes where applicable
17/09/09 22:40:32 INFO SparkContext: Submitted application: org.sparkexample.WordCountTask
17/09/09 22:40:32 INFO SecurityManager: Changing view acls to: kandhasamyr
17/09/09 22:40:32 INFO SecurityManager: Changing modify acls to: kandhasamyr
17/09/09 22:40:32 INFO SecurityManager: Changing view acls groups to: 
17/09/09 22:40:32 INFO SecurityManager: Changing modify acls groups to: 
17/09/09 22:40:32 INFO SecurityManager: SecurityManager: authentication disabled; ui acls disabled; users  with view permissions: Set(kandhasamyr); groups with view permissions: Set(); users  with modify permissions: Set(kandhasamyr); groups with modify permissions: Set()
17/09/09 22:40:35 INFO Utils: Successfully started service &apos;sparkDriver&apos; on port 50175.
17/09/09 22:40:35 INFO SparkEnv: Registering MapOutputTracker
17/09/09 22:40:35 INFO SparkEnv: Registering BlockManagerMaster
17/09/09 22:40:35 INFO BlockManagerMasterEndpoint: Using org.apache.spark.storage.DefaultTopologyMapper for getting topology information
17/09/09 22:40:35 INFO BlockManagerMasterEndpoint: BlockManagerMasterEndpoint up
17/09/09 22:40:35 INFO DiskBlockManager: Created local directory at C:\Users\kandhasamyr\AppData\Local\Temp\blockmgr-ce76b034-edd9-41f8-bb4d-44c817962d6f
17/09/09 22:40:36 INFO MemoryStore: MemoryStore started with capacity 1965.3 MB
17/09/09 22:40:36 INFO SparkEnv: Registering OutputCommitCoordinator
17/09/09 22:40:37 INFO Utils: Successfully started service &apos;SparkUI&apos; on port 4040.
17/09/09 22:40:37 INFO SparkUI: Bound SparkUI to 0.0.0.0, and started at http://10.0.75.1:4040
17/09/09 22:40:38 INFO Executor: Starting executor ID driver on host localhost
17/09/09 22:40:38 INFO Utils: Successfully started service &apos;org.apache.spark.network.netty.NettyBlockTransferService&apos; on port 50196.
17/09/09 22:40:38 INFO NettyBlockTransferService: Server created on 10.0.75.1:50196
17/09/09 22:40:38 INFO BlockManager: Using org.apache.spark.storage.RandomBlockReplicationPolicy for block replication policy
17/09/09 22:40:38 INFO BlockManagerMaster: Registering BlockManager BlockManagerId(driver, 10.0.75.1, 50196, None)
17/09/09 22:40:38 INFO BlockManagerMasterEndpoint: Registering block manager 10.0.75.1:50196 with 1965.3 MB RAM, BlockManagerId(driver, 10.0.75.1, 50196, None)
17/09/09 22:40:38 INFO BlockManagerMaster: Registered BlockManager BlockManagerId(driver, 10.0.75.1, 50196, None)
17/09/09 22:40:38 INFO BlockManager: Initialized BlockManager: BlockManagerId(driver, 10.0.75.1, 50196, None)
17/09/09 22:40:41 INFO MemoryStore: Block broadcast_0 stored as values in memory (estimated size 190.1 KB, free 1965.1 MB)
17/09/09 22:40:41 INFO MemoryStore: Block broadcast_0_piece0 stored as bytes in memory (estimated size 18.7 KB, free 1965.1 MB)
17/09/09 22:40:41 INFO BlockManagerInfo: Added broadcast_0_piece0 in memory on 10.0.75.1:50196 (size: 18.7 KB, free: 1965.3 MB)
17/09/09 22:40:41 INFO SparkContext: Created broadcast 0 from textFile at WordCountTask.java:54
</system-err>
  </testcase>
</testsuite>